\BOOKMARK [1][-]{section.1}{\376\377\000I\000n\000t\000r\000o\000d\000u\000c\000t\000i\000o\000n}{}% 1
\BOOKMARK [1][-]{section.2}{\376\377\000M\000a\000t\000e\000r\000i\000a\000l\000s\000\040\000a\000n\000d\000\040\000m\000e\000t\000h\000o\000d\000s}{}% 2
\BOOKMARK [2][-]{subsection.2.1}{\376\377\000S\000u\000p\000e\000r\000c\000r\000i\000t\000i\000c\000a\000l\000\040\000f\000l\000u\000i\000d\000s}{section.2}% 3
\BOOKMARK [2][-]{subsection.2.2}{\376\377\000G\000o\000v\000e\000r\000n\000i\000n\000g\000\040\000e\000q\000u\000a\000t\000i\000o\000n\000s}{section.2}% 4
\BOOKMARK [2][-]{subsection.2.3}{\376\377\000E\000x\000t\000r\000a\000c\000t\000i\000o\000n\000\040\000m\000o\000d\000e\000l}{section.2}% 5
\BOOKMARK [3][-]{subsubsection.2.3.1}{\376\377\000C\000o\000n\000t\000i\000n\000u\000i\000t\000y\000\040\000e\000q\000u\000a\000t\000i\000o\000n}{subsection.2.3}% 6
\BOOKMARK [3][-]{subsubsection.2.3.2}{\376\377\000M\000a\000s\000s\000\040\000b\000a\000l\000a\000n\000c\000e\000\040\000f\000o\000r\000\040\000t\000h\000e\000\040\000f\000l\000u\000i\000d\000\040\000p\000h\000a\000s\000e}{subsection.2.3}% 7
\BOOKMARK [3][-]{subsubsection.2.3.3}{\376\377\000M\000a\000s\000s\000\040\000b\000a\000l\000a\000n\000c\000e\000\040\000f\000o\000r\000\040\000t\000h\000e\000\040\000s\000o\000l\000i\000d\000\040\000p\000h\000a\000s\000e}{subsection.2.3}% 8
\BOOKMARK [3][-]{subsubsection.2.3.4}{\376\377\000K\000i\000n\000e\000t\000i\000c\000\040\000t\000e\000r\000m}{subsection.2.3}% 9
\BOOKMARK [3][-]{subsubsection.2.3.5}{\376\377\000U\000n\000e\000v\000e\000n\000\040\000d\000i\000s\000t\000r\000i\000b\000u\000t\000i\000o\000n\000\040\000o\000f\000\040\000t\000h\000e\000\040\000s\000o\000l\000u\000t\000e\000\040\000i\000n\000\040\000t\000h\000e\000\040\000s\000o\000l\000i\000d\000\040\000p\000h\000a\000s\000e}{subsection.2.3}% 10
\BOOKMARK [3][-]{subsubsection.2.3.6}{\376\377\000H\000e\000a\000t\000\040\000b\000a\000l\000a\000n\000c\000e}{subsection.2.3}% 11
\BOOKMARK [3][-]{subsubsection.2.3.7}{\376\377\000P\000r\000e\000s\000s\000u\000r\000e\000\040\000t\000e\000r\000m}{subsection.2.3}% 12
\BOOKMARK [3][-]{subsubsection.2.3.8}{\376\377\000E\000x\000t\000r\000a\000c\000t\000i\000o\000n\000\040\000y\000i\000e\000l\000d}{subsection.2.3}% 13
\BOOKMARK [3][-]{subsubsection.2.3.9}{\376\377\000I\000n\000i\000t\000i\000a\000l\000\040\000a\000n\000d\000\040\000b\000o\000u\000n\000d\000a\000r\000y\000\040\000c\000o\000n\000d\000i\000t\000i\000o\000n\000s}{subsection.2.3}% 14
\BOOKMARK [3][-]{subsubsection.2.3.10}{\376\377\000S\000t\000a\000t\000e\000-\000s\000p\000a\000c\000e\000\040\000r\000e\000p\000r\000e\000s\000e\000n\000t\000a\000t\000i\000o\000n}{subsection.2.3}% 15
\BOOKMARK [3][-]{subsubsection.2.3.11}{\376\377\000D\000i\000s\000c\000r\000e\000t\000i\000z\000a\000t\000i\000o\000n\000\040\000m\000e\000t\000h\000o\000d\000s}{subsection.2.3}% 16
\BOOKMARK [2][-]{subsection.2.4}{\376\377\000S\000e\000n\000s\000i\000t\000i\000v\000i\000t\000y\000\040\000A\000n\000a\000l\000y\000s\000i\000s}{section.2}% 17
\BOOKMARK [1][-]{section.3}{\376\377\000R\000e\000s\000u\000l\000t\000s}{}% 18
\BOOKMARK [2][-]{subsection.3.1}{\376\377\000F\000l\000o\000w\000-\000r\000a\000t\000e}{section.3}% 19
\BOOKMARK [2][-]{subsection.3.2}{\376\377\000P\000r\000e\000s\000s\000u\000r\000e}{section.3}% 20
\BOOKMARK [2][-]{subsection.3.3}{\376\377\000I\000n\000l\000e\000t\000\040\000t\000e\000m\000p\000e\000r\000a\000t\000u\000r\000e}{section.3}% 21
\BOOKMARK [1][-]{section.4}{\376\377\000C\000o\000n\000c\000l\000u\000s\000i\000o\000n\000s}{}% 22
