\BOOKMARK [1][-]{section.1}{\376\377\000I\000n\000t\000r\000o\000d\000u\000c\000t\000i\000o\000n}{}% 1
\BOOKMARK [1][-]{section.2}{\376\377\000M\000a\000t\000e\000r\000i\000a\000l\000s\000\040\000a\000n\000d\000\040\000m\000e\000t\000h\000o\000d\000s}{}% 2
\BOOKMARK [2][-]{subsection.2.1}{\376\377\000G\000o\000v\000e\000r\000n\000i\000n\000g\000\040\000e\000q\000u\000a\000t\000i\000o\000n\000s}{section.2}% 3
\BOOKMARK [2][-]{subsection.2.2}{\376\377\000E\000x\000t\000r\000a\000c\000t\000i\000o\000n\000\040\000m\000o\000d\000e\000l}{section.2}% 4
\BOOKMARK [3][-]{subsubsection.2.2.1}{\376\377\000C\000o\000n\000t\000i\000n\000u\000i\000t\000y\000\040\000e\000q\000u\000a\000t\000i\000o\000n}{subsection.2.2}% 5
\BOOKMARK [3][-]{subsubsection.2.2.2}{\376\377\000M\000a\000s\000s\000\040\000b\000a\000l\000a\000n\000c\000e\000\040\000f\000o\000r\000\040\000t\000h\000e\000\040\000f\000l\000u\000i\000d\000\040\000p\000h\000a\000s\000e}{subsection.2.2}% 6
\BOOKMARK [3][-]{subsubsection.2.2.3}{\376\377\000M\000a\000s\000s\000\040\000b\000a\000l\000a\000n\000c\000e\000\040\000f\000o\000r\000\040\000t\000h\000e\000\040\000s\000o\000l\000i\000d\000\040\000p\000h\000a\000s\000e}{subsection.2.2}% 7
\BOOKMARK [3][-]{subsubsection.2.2.4}{\376\377\000K\000i\000n\000e\000t\000i\000c\000\040\000t\000e\000r\000m}{subsection.2.2}% 8
\BOOKMARK [3][-]{subsubsection.2.2.5}{\376\377\000U\000n\000e\000v\000e\000n\000\040\000s\000o\000l\000u\000t\000e\000'\000s\000\040\000d\000i\000s\000t\000r\000i\000b\000u\000t\000i\000o\000n\000\040\000i\000n\000\040\000t\000h\000e\000\040\000s\000o\000l\000i\000d\000\040\000p\000h\000a\000s\000e}{subsection.2.2}% 9
\BOOKMARK [3][-]{subsubsection.2.2.6}{\376\377\000H\000e\000a\000t\000\040\000b\000a\000l\000a\000n\000c\000e}{subsection.2.2}% 10
\BOOKMARK [3][-]{subsubsection.2.2.7}{\376\377\000E\000x\000t\000r\000a\000c\000t\000i\000o\000n\000\040\000y\000i\000e\000l\000d}{subsection.2.2}% 11
\BOOKMARK [3][-]{subsubsection.2.2.8}{\376\377\000I\000n\000i\000t\000i\000a\000l\000\040\000a\000n\000d\000\040\000b\000o\000u\000n\000d\000a\000r\000y\000\040\000c\000o\000n\000d\000i\000t\000i\000o\000n\000s}{subsection.2.2}% 12
\BOOKMARK [3][-]{subsubsection.2.2.9}{\376\377\000D\000i\000s\000c\000r\000e\000t\000i\000z\000a\000t\000i\000o\000n\000\040\000m\000e\000t\000h\000o\000d\000s}{subsection.2.2}% 13
\BOOKMARK [2][-]{subsection.2.3}{\376\377\000S\000e\000n\000s\000i\000t\000i\000v\000i\000t\000y\000\040\000A\000n\000a\000l\000y\000s\000i\000s}{section.2}% 14
\BOOKMARK [1][-]{section.3}{\376\377\000R\000e\000s\000u\000l\000t\000s}{}% 15
\BOOKMARK [2][-]{subsection.3.1}{\376\377\000P\000r\000e\000s\000s\000u\000r\000e}{section.3}% 16
\BOOKMARK [1][-]{section.4}{\376\377\000C\000o\000n\000c\000l\000u\000s\000i\000o\000n\000s}{}% 17
\BOOKMARK [1][-]{appendix.A}{\376\377\000A\000p\000p\000e\000n\000d\000i\000x}{}% 18
\BOOKMARK [2][-]{subsection.A.1}{\376\377\000T\000h\000e\000r\000m\000o\000d\000y\000n\000a\000m\000i\000c}{appendix.A}% 19
\BOOKMARK [3][-]{subsubsection.A.1.1}{\376\377\000E\000q\000u\000a\000t\000i\000o\000n\000\040\000o\000f\000\040\000s\000t\000a\000t\000e}{subsection.A.1}% 20
\BOOKMARK [3][-]{subsubsection.A.1.2}{\376\377\000D\000e\000n\000s\000i\000t\000y\000\040\000o\000f\000\040\000t\000h\000e\000\040\000f\000l\000u\000i\000d\000\040\000p\000h\000a\000s\000e}{subsection.A.1}% 21
\BOOKMARK [2][-]{subsection.A.2}{\376\377\000C\000a\000r\000d\000a\000n\000o\000'\000s\000\040\000F\000o\000r\000m\000u\000l\000a}{appendix.A}% 22
