\BOOKMARK [1][-]{section.1}{\376\377\000I\000n\000t\000r\000o\000d\000u\000c\000t\000i\000o\000n}{}% 1
\BOOKMARK [1][-]{section.2}{\376\377\000M\000a\000t\000e\000r\000i\000a\000l\000s\000\040\000a\000n\000d\000\040\000m\000e\000t\000h\000o\000d\000s}{}% 2
\BOOKMARK [2][-]{subsection.2.1}{\376\377\000S\000u\000p\000e\000r\000c\000r\000i\000t\000i\000c\000a\000l\000\040\000f\000l\000u\000i\000d\000s}{section.2}% 3
\BOOKMARK [2][-]{subsection.2.2}{\376\377\000G\000o\000v\000e\000r\000n\000i\000n\000g\000\040\000e\000q\000u\000a\000t\000i\000o\000n\000s}{section.2}% 4
\BOOKMARK [2][-]{subsection.2.3}{\376\377\000L\000o\000w\000\040\000M\000a\000c\000h\000\040\000n\000u\000m\000b\000e\000r\000\040\000e\000x\000p\000a\000n\000s\000i\000o\000n}{section.2}% 5
\BOOKMARK [2][-]{subsection.2.4}{\376\377\000E\000x\000t\000r\000a\000c\000t\000i\000o\000n\000\040\000m\000o\000d\000e\000l}{section.2}% 6
\BOOKMARK [3][-]{subsubsection.2.4.1}{\376\377\000C\000o\000n\000t\000i\000n\000u\000i\000t\000y\000\040\000e\000q\000u\000a\000t\000i\000o\000n}{subsection.2.4}% 7
\BOOKMARK [3][-]{subsubsection.2.4.2}{\376\377\000M\000a\000s\000s\000\040\000b\000a\000l\000a\000n\000c\000e\000\040\000f\000o\000r\000\040\000t\000h\000e\000\040\000f\000l\000u\000i\000d\000\040\000p\000h\000a\000s\000e}{subsection.2.4}% 8
\BOOKMARK [3][-]{subsubsection.2.4.3}{\376\377\000M\000a\000s\000s\000\040\000b\000a\000l\000a\000n\000c\000e\000\040\000f\000o\000r\000\040\000t\000h\000e\000\040\000s\000o\000l\000i\000d\000\040\000p\000h\000a\000s\000e}{subsection.2.4}% 9
\BOOKMARK [3][-]{subsubsection.2.4.4}{\376\377\000K\000i\000n\000e\000t\000i\000c\000\040\000t\000e\000r\000m}{subsection.2.4}% 10
\BOOKMARK [3][-]{subsubsection.2.4.5}{\376\377\000H\000e\000a\000t\000\040\000b\000a\000l\000a\000n\000c\000e}{subsection.2.4}% 11
\BOOKMARK [3][-]{subsubsection.2.4.6}{\376\377\000E\000x\000t\000r\000a\000c\000t\000i\000o\000n\000\040\000y\000i\000e\000l\000d}{subsection.2.4}% 12
\BOOKMARK [3][-]{subsubsection.2.4.7}{\376\377\000S\000t\000a\000t\000e\000-\000s\000p\000a\000c\000e\000\040\000r\000e\000p\000r\000e\000s\000e\000n\000t\000a\000t\000i\000o\000n}{subsection.2.4}% 13
\BOOKMARK [2][-]{subsection.2.5}{\376\377\000P\000a\000r\000a\000m\000e\000t\000e\000r\000\040\000e\000s\000t\000i\000m\000a\000t\000i\000o\000n}{section.2}% 14
\BOOKMARK [3][-]{subsubsection.2.5.1}{\376\377\000L\000e\000a\000s\000t\000\040\000s\000q\000u\000a\000r\000e\000s\000\040\000e\000s\000t\000i\000m\000a\000t\000i\000o\000n}{subsection.2.5}% 15
\BOOKMARK [3][-]{subsubsection.2.5.2}{\376\377\000M\000a\000x\000i\000m\000u\000m\000\040\000l\000i\000k\000e\000l\000i\000h\000o\000o\000d\000\040\000e\000s\000t\000i\000m\000a\000t\000i\000o\000n}{subsection.2.5}% 16
\BOOKMARK [2][-]{subsection.2.6}{\376\377\000E\000x\000p\000e\000r\000i\000m\000e\000n\000t\000a\000l\000\040\000w\000o\000r\000k}{section.2}% 17
\BOOKMARK [1][-]{section.3}{\376\377\000R\000e\000s\000u\000l\000t\000s}{}% 18
\BOOKMARK [1][-]{section.4}{\376\377\000C\000o\000n\000c\000l\000u\000s\000i\000o\000n\000s}{}% 19
\BOOKMARK [1][-]{appendix.A}{\376\377\000A\000p\000p\000e\000n\000d\000i\000x}{}% 20
\BOOKMARK [2][-]{subsection.A.1}{\376\377\000T\000h\000e\000r\000m\000o\000d\000y\000n\000a\000m\000i\000c}{appendix.A}% 21
\BOOKMARK [3][-]{subsubsection.A.1.1}{\376\377\000E\000q\000u\000a\000t\000i\000o\000n\000\040\000o\000f\000\040\000s\000t\000a\000t\000e\000\040\000a\000n\000d\000\040\000p\000r\000o\000p\000e\000r\000t\000i\000e\000s\000\040\000o\000f\000\040\000t\000h\000e\000\040\000f\000l\000u\000i\000d\000\040\000p\000h\000a\000s\000e}{subsection.A.1}% 22
\BOOKMARK [3][-]{subsubsection.A.1.2}{\376\377\000D\000e\000n\000s\000i\000t\000y\000\040\000o\000f\000\040\000t\000h\000e\000\040\000f\000l\000u\000i\000d\000\040\000p\000h\000a\000s\000e}{subsection.A.1}% 23
\BOOKMARK [3][-]{subsubsection.A.1.3}{\376\377\000H\000e\000a\000t\000\040\000c\000a\000p\000a\000c\000i\000t\000y\000\040\000o\000f\000\040\000t\000h\000e\000\040\000f\000l\000u\000i\000d\000\040\000p\000h\000a\000s\000e}{subsection.A.1}% 24
\BOOKMARK [3][-]{subsubsection.A.1.4}{\376\377\000D\000e\000p\000a\000r\000t\000u\000r\000e\000\040\000f\000u\000n\000c\000t\000i\000o\000n\000s\000\040\000f\000o\000r\000\040\000e\000n\000t\000h\000a\000l\000p\000y\000\040\000c\000a\000l\000c\000u\000l\000a\000t\000i\000o\000n\000s}{subsection.A.1}% 25
\BOOKMARK [2][-]{subsection.A.2}{\376\377\000G\000o\000v\000e\000r\000n\000i\000n\000g\000\040\000e\000q\000u\000a\000t\000i\000o\000n\000s}{appendix.A}% 26
\BOOKMARK [3][-]{subsubsection.A.2.1}{\376\377\000M\000a\000s\000s\000\040\000c\000o\000n\000t\000i\000n\000u\000i\000t\000y}{subsection.A.2}% 27
\BOOKMARK [3][-]{subsubsection.A.2.2}{\376\377\000T\000r\000a\000n\000s\000p\000o\000r\000t\000\040\000o\000f\000\040\000a\000\040\000s\000p\000e\000c\000i\000e\000s}{subsection.A.2}% 28
\BOOKMARK [3][-]{subsubsection.A.2.3}{\376\377\000M\000o\000m\000e\000n\000t\000u\000m\000\040\000c\000o\000n\000s\000e\000r\000v\000a\000t\000i\000o\000n}{subsection.A.2}% 29
\BOOKMARK [3][-]{subsubsection.A.2.4}{\376\377\000E\000n\000e\000r\000g\000y\000\040\000c\000o\000n\000s\000e\000r\000v\000a\000t\000i\000o\000n}{subsection.A.2}% 30
\BOOKMARK [2][-]{subsection.A.3}{\376\377\000B\000a\000y\000e\000s\000\040\000t\000h\000e\000o\000r\000e\000m}{appendix.A}% 31
\BOOKMARK [2][-]{subsection.A.4}{\376\377\000C\000a\000r\000d\000a\000n\000o\000'\000s\000\040\000F\000o\000r\000m\000u\000l\000a}{appendix.A}% 32
\BOOKMARK [2][-]{subsection.A.5}{\376\377\000I\000n\000i\000t\000i\000a\000l\000\040\000a\000n\000d\000\040\000b\000o\000u\000n\000d\000a\000r\000y\000\040\000c\000o\000n\000d\000i\000t\000i\000o\000n\000s}{appendix.A}% 33
\BOOKMARK [2][-]{subsection.A.6}{\376\377\000P\000o\000r\000o\000s\000i\000t\000y\000\040\000C\000a\000l\000c\000u\000l\000a\000t\000i\000o\000n\000s}{appendix.A}% 34
\BOOKMARK [2][-]{subsection.A.7}{\376\377\000S\000o\000l\000i\000d\000\040\000d\000e\000n\000s\000i\000t\000y\000\040\000m\000e\000a\000s\000u\000r\000e\000m\000e\000n\000t}{appendix.A}% 35
